build/app/intermediates/manifest_merge_blame_file/debug/manifest-merger-blame-debug-report.txt
1<?xml version="1.0" encoding="utf-8"?>
2<manifest xmlns:android="http://schemas.android.com/apk/res/android"
3    package="com.company.namal"
4    android:versionCode="1"
5    android:versionName="1.0.0" >
6
7    <uses-sdk
8        android:minSdkVersion="20"
9        android:targetSdkVersion="34" />
10
11    <uses-permission android:name="android.permission.INTERNET" />
11-->src\main\AndroidManifest.xml:4:5-67
11-->src\main\AndroidManifest.xml:4:22-64
12    <uses-permission android:name="android.permission.ACCESS_COARSE_LOCATION" />
12-->src\main\AndroidManifest.xml:5:5-81
12-->src\main\AndroidManifest.xml:5:22-78
13    <uses-permission android:name="android.permission.ACCESS_FINE_LOCATION" />
13-->src\main\AndroidManifest.xml:6:5-79
13-->src\main\AndroidManifest.xml:6:22-76
14    <uses-permission android:name="android.permission.ACCESS_BACKGROUND_LOCATION" /> <!-- Include required permissions for Google Maps API to run. -->
14-->src\main\AndroidManifest.xml:7:5-85
14-->src\main\AndroidManifest.xml:7:22-82
15    <uses-permission android:name="android.permission.ACCESS_NETWORK_STATE" />
15-->[com.google.android.gms:play-services-maps:18.2.0] AndroidManifest.xml:23:5-79
15-->[com.google.android.gms:play-services-maps:18.2.0] AndroidManifest.xml:23:22-76
16
17    <uses-feature
17-->[com.google.android.gms:play-services-maps:18.2.0] AndroidManifest.xml:26:5-28:35
18        android:glEsVersion="0x00020000"
18-->[com.google.android.gms:play-services-maps:18.2.0] AndroidManifest.xml:27:9-41
19        android:required="true" />
19-->[com.google.android.gms:play-services-maps:18.2.0] AndroidManifest.xml:28:9-32
20
21    <queries>
21-->[com.google.android.gms:play-services-maps:18.2.0] AndroidManifest.xml:30:5-34:15
22
23        <!-- Needs to be explicitly declared on Android R+ -->
24        <package android:name="com.google.android.apps.maps" />
24-->[com.google.android.gms:play-services-maps:18.2.0] AndroidManifest.xml:33:9-64
24-->[com.google.android.gms:play-services-maps:18.2.0] AndroidManifest.xml:33:18-61
25        <package android:name="com.facebook.katana" />
25-->[com.facebook.android:facebook-common:16.2.0] AndroidManifest.xml:18:9-55
25-->[com.facebook.android:facebook-common:16.2.0] AndroidManifest.xml:18:18-52
26    </queries> <!-- Create a unique permission for your app and use it so only your app can receive your OneSignal messages. -->
27    <permission
27-->[com.onesignal:OneSignal:4.8.8] AndroidManifest.xml:7:5-9:47
28        android:name="com.company.namal.permission.C2D_MESSAGE"
28-->[com.onesignal:OneSignal:4.8.8] AndroidManifest.xml:8:9-63
29        android:protectionLevel="signature" />
29-->[com.onesignal:OneSignal:4.8.8] AndroidManifest.xml:9:9-44
30
31    <uses-permission android:name="com.company.namal.permission.C2D_MESSAGE" /> <!-- OneSignal SDK has runtime checks Android version. -->
31-->[com.onesignal:OneSignal:4.8.8] AndroidManifest.xml:11:5-79
31-->[com.onesignal:OneSignal:4.8.8] AndroidManifest.xml:11:22-76
32    <!-- <uses-sdk tools:overrideLibrary="android.support.customtabs"/> -->
33    <!-- Required runtime permission to display notifications on Android 13 -->
34    <uses-permission android:name="android.permission.POST_NOTIFICATIONS" /> <!-- c2dm RECEIVE are basic requirements for push messages through Google's FCM -->
34-->[com.onesignal:OneSignal:4.8.8] AndroidManifest.xml:16:5-77
34-->[com.onesignal:OneSignal:4.8.8] AndroidManifest.xml:16:22-74
35    <uses-permission android:name="com.google.android.c2dm.permission.RECEIVE" /> <!-- Required, makes sure notifications are delivered on time. -->
35-->[com.onesignal:OneSignal:4.8.8] AndroidManifest.xml:18:5-82
35-->[com.onesignal:OneSignal:4.8.8] AndroidManifest.xml:18:22-79
36    <uses-permission android:name="android.permission.WAKE_LOCK" />
36-->[com.onesignal:OneSignal:4.8.8] AndroidManifest.xml:19:5-68
36-->[com.onesignal:OneSignal:4.8.8] AndroidManifest.xml:19:22-65
37    <!--
38 Required so the device vibrates on receiving a push notification.
39         Vibration settings of the device still apply.
40    -->
41    <uses-permission android:name="android.permission.VIBRATE" />
41-->[com.onesignal:OneSignal:4.8.8] AndroidManifest.xml:24:5-66
41-->[com.onesignal:OneSignal:4.8.8] AndroidManifest.xml:24:22-63
42    <!--
43 Use to restore notifications the user hasn't interacted with.
44         They could be missed notifications if the user reboots their device if this isn't in place.
45    -->
46    <uses-permission android:name="android.permission.RECEIVE_BOOT_COMPLETED" /> <!-- START: ShortcutBadger -->
46-->[com.onesignal:OneSignal:4.8.8] AndroidManifest.xml:30:5-81
46-->[com.onesignal:OneSignal:4.8.8] AndroidManifest.xml:30:22-78
47    <!-- Samsung -->
48    <uses-permission android:name="com.sec.android.provider.badge.permission.READ" />
48-->[com.onesignal:OneSignal:4.8.8] AndroidManifest.xml:32:5-86
48-->[com.onesignal:OneSignal:4.8.8] AndroidManifest.xml:32:22-83
49    <uses-permission android:name="com.sec.android.provider.badge.permission.WRITE" /> <!-- HTC -->
49-->[com.onesignal:OneSignal:4.8.8] AndroidManifest.xml:33:5-87
49-->[com.onesignal:OneSignal:4.8.8] AndroidManifest.xml:33:22-84
50    <uses-permission android:name="com.htc.launcher.permission.READ_SETTINGS" />
50-->[com.onesignal:OneSignal:4.8.8] AndroidManifest.xml:34:5-81
50-->[com.onesignal:OneSignal:4.8.8] AndroidManifest.xml:34:22-78
51    <uses-permission android:name="com.htc.launcher.permission.UPDATE_SHORTCUT" /> <!-- Sony -->
51-->[com.onesignal:OneSignal:4.8.8] AndroidManifest.xml:35:5-83
51-->[com.onesignal:OneSignal:4.8.8] AndroidManifest.xml:35:22-80
52    <uses-permission android:name="com.sonyericsson.home.permission.BROADCAST_BADGE" />
52-->[com.onesignal:OneSignal:4.8.8] AndroidManifest.xml:36:5-88
52-->[com.onesignal:OneSignal:4.8.8] AndroidManifest.xml:36:22-85
53    <uses-permission android:name="com.sonymobile.home.permission.PROVIDER_INSERT_BADGE" /> <!-- Apex -->
53-->[com.onesignal:OneSignal:4.8.8] AndroidManifest.xml:37:5-92
53-->[com.onesignal:OneSignal:4.8.8] AndroidManifest.xml:37:22-89
54    <uses-permission android:name="com.anddoes.launcher.permission.UPDATE_COUNT" /> <!-- Solid -->
54-->[com.onesignal:OneSignal:4.8.8] AndroidManifest.xml:38:5-84
54-->[com.onesignal:OneSignal:4.8.8] AndroidManifest.xml:38:22-81
55    <uses-permission android:name="com.majeur.launcher.permission.UPDATE_BADGE" /> <!-- Huawei -->
55-->[com.onesignal:OneSignal:4.8.8] AndroidManifest.xml:39:5-83
55-->[com.onesignal:OneSignal:4.8.8] AndroidManifest.xml:39:22-80
56    <uses-permission android:name="com.huawei.android.launcher.permission.CHANGE_BADGE" />
56-->[com.onesignal:OneSignal:4.8.8] AndroidManifest.xml:40:5-91
56-->[com.onesignal:OneSignal:4.8.8] AndroidManifest.xml:40:22-88
57    <uses-permission android:name="com.huawei.android.launcher.permission.READ_SETTINGS" />
57-->[com.onesignal:OneSignal:4.8.8] AndroidManifest.xml:41:5-92
57-->[com.onesignal:OneSignal:4.8.8] AndroidManifest.xml:41:22-89
58    <uses-permission android:name="com.huawei.android.launcher.permission.WRITE_SETTINGS" /> <!-- ZUK -->
58-->[com.onesignal:OneSignal:4.8.8] AndroidManifest.xml:42:5-93
58-->[com.onesignal:OneSignal:4.8.8] AndroidManifest.xml:42:22-90
59    <uses-permission android:name="android.permission.READ_APP_BADGE" /> <!-- OPPO -->
59-->[com.onesignal:OneSignal:4.8.8] AndroidManifest.xml:43:5-73
59-->[com.onesignal:OneSignal:4.8.8] AndroidManifest.xml:43:22-70
60    <uses-permission android:name="com.oppo.launcher.permission.READ_SETTINGS" />
60-->[com.onesignal:OneSignal:4.8.8] AndroidManifest.xml:44:5-82
60-->[com.onesignal:OneSignal:4.8.8] AndroidManifest.xml:44:22-79
61    <uses-permission android:name="com.oppo.launcher.permission.WRITE_SETTINGS" /> <!-- EvMe -->
61-->[com.onesignal:OneSignal:4.8.8] AndroidManifest.xml:45:5-83
61-->[com.onesignal:OneSignal:4.8.8] AndroidManifest.xml:45:22-80
62    <uses-permission android:name="me.everything.badger.permission.BADGE_COUNT_READ" />
62-->[com.onesignal:OneSignal:4.8.8] AndroidManifest.xml:46:5-88
62-->[com.onesignal:OneSignal:4.8.8] AndroidManifest.xml:46:22-85
63    <uses-permission android:name="me.everything.badger.permission.BADGE_COUNT_WRITE" />
63-->[com.onesignal:OneSignal:4.8.8] AndroidManifest.xml:47:5-89
63-->[com.onesignal:OneSignal:4.8.8] AndroidManifest.xml:47:22-86
64    <uses-permission android:name="com.google.android.gms.permission.AD_ID" />
64-->[com.facebook.android:facebook-core:16.2.0] AndroidManifest.xml:16:5-79
64-->[com.facebook.android:facebook-core:16.2.0] AndroidManifest.xml:16:22-76
65    <uses-permission android:name="android.permission.FOREGROUND_SERVICE" />
65-->[androidx.work:work-runtime:2.7.1] AndroidManifest.xml:28:5-77
65-->[androidx.work:work-runtime:2.7.1] AndroidManifest.xml:28:22-74
66
67    <permission
67-->[androidx.core:core:1.10.1] AndroidManifest.xml:22:5-24:47
68        android:name="com.company.namal.DYNAMIC_RECEIVER_NOT_EXPORTED_PERMISSION"
68-->[androidx.core:core:1.10.1] AndroidManifest.xml:23:9-81
69        android:protectionLevel="signature" />
69-->[androidx.core:core:1.10.1] AndroidManifest.xml:24:9-44
70
71    <uses-permission android:name="com.company.namal.DYNAMIC_RECEIVER_NOT_EXPORTED_PERMISSION" />
71-->[androidx.core:core:1.10.1] AndroidManifest.xml:26:5-97
71-->[androidx.core:core:1.10.1] AndroidManifest.xml:26:22-94
72    <uses-permission android:name="com.google.android.finsky.permission.BIND_GET_INSTALL_REFERRER_SERVICE" />
72-->[com.android.installreferrer:installreferrer:1.0] AndroidManifest.xml:9:5-110
72-->[com.android.installreferrer:installreferrer:1.0] AndroidManifest.xml:9:22-107
73    <!--
74 Flutter needs it to communicate with the running application
75         to allow setting breakpoints, to provide hot reload, etc.
76    -->
77    <application
77-->src\main\AndroidManifest.xml:9:5-73:19
78        android:name="androidx.multidex.MultiDexApplication"
79        android:appComponentFactory="androidx.core.app.CoreComponentFactory"
79-->[androidx.core:core:1.10.1] AndroidManifest.xml:28:18-86
80        android:debuggable="true"
81        android:icon="@mipmap/ic_launcher"
81-->src\main\AndroidManifest.xml:10:9-43
82        android:label="@string/app_name"
82-->src\main\AndroidManifest.xml:11:9-41
83        android:supportsRtl="true"
83-->[com.facebook.android:facebook-login:16.2.0] AndroidManifest.xml:16:18-44
84        android:usesCleartextTraffic="true" >
84-->src\main\AndroidManifest.xml:12:9-44
85        <activity
85-->src\main\AndroidManifest.xml:13:9-40:20
86            android:name="com.company.namal.MainActivity"
86-->src\main\AndroidManifest.xml:15:13-41
87            android:configChanges="orientation|keyboardHidden|keyboard|screenSize|smallestScreenSize|locale|layoutDirection|fontScale|screenLayout|density|uiMode"
87-->src\main\AndroidManifest.xml:16:13-163
88            android:exported="true"
88-->src\main\AndroidManifest.xml:14:9-32
89            android:hardwareAccelerated="true"
89-->src\main\AndroidManifest.xml:17:13-47
90            android:launchMode="singleTop"
90-->src\main\AndroidManifest.xml:18:13-43
91            android:theme="@style/LaunchTheme"
91-->src\main\AndroidManifest.xml:19:13-47
92            android:windowSoftInputMode="adjustResize" >
92-->src\main\AndroidManifest.xml:20:13-55
93
94            <!--
95                 Specifies an Android theme to apply to this Activity as soon as
96                 the Android process has started. This theme is visible to the user
97                 while the Flutter UI initializes. After that, this theme continues
98                 to determine the Window background behind the Flutter UI.
99            -->
100            <meta-data
100-->src\main\AndroidManifest.xml:25:13-27:57
101                android:name="io.flutter.embedding.android.NormalTheme"
101-->src\main\AndroidManifest.xml:26:17-72
102                android:resource="@style/NormalTheme" />
102-->src\main\AndroidManifest.xml:27:17-54
103            <!--
104                 Displays an Android View that continues showing the launch screen
105                 Drawable until Flutter paints its first frame, then this splash
106                 screen fades out. A splash screen is useful to avoid any visual
107                 gap between the end of Android's launch screen and the painting of
108                 Flutter's first frame.
109            -->
110            <meta-data
110-->src\main\AndroidManifest.xml:33:13-35:66
111                android:name="io.flutter.embedding.android.SplashScreenDrawable"
111-->src\main\AndroidManifest.xml:34:17-81
112                android:resource="@drawable/launch_background" />
112-->src\main\AndroidManifest.xml:35:17-63
113
114            <intent-filter android:exported="true" >
114-->src\main\AndroidManifest.xml:36:13-39:29
114-->src\main\AndroidManifest.xml:36:28-51
115                <action android:name="android.intent.action.MAIN" />
115-->src\main\AndroidManifest.xml:37:17-69
115-->src\main\AndroidManifest.xml:37:25-66
116
117                <category android:name="android.intent.category.LAUNCHER" />
117-->src\main\AndroidManifest.xml:38:17-77
117-->src\main\AndroidManifest.xml:38:27-74
118            </intent-filter>
119        </activity>
120        <!--
121 Don't delete the meta-data below.
122             This is used by the Flutter tool to generate GeneratedPluginRegistrant.java
123        -->
124        <meta-data
124-->src\main\AndroidManifest.xml:43:9-45:33
125            android:name="flutterEmbedding"
125-->src\main\AndroidManifest.xml:44:13-44
126            android:value="2" />
126-->src\main\AndroidManifest.xml:45:13-30
127        <meta-data
127-->src\main\AndroidManifest.xml:47:9-49:55
128            android:name="com.facebook.sdk.ApplicationId"
128-->src\main\AndroidManifest.xml:48:13-58
129            android:value="@string/facebook_app_id" />
129-->src\main\AndroidManifest.xml:49:13-52
130
131        <activity
131-->src\main\AndroidManifest.xml:51:9-54:48
132            android:name="com.facebook.FacebookActivity"
132-->src\main\AndroidManifest.xml:52:13-57
133            android:configChanges="keyboard|keyboardHidden|screenLayout|screenSize|orientation"
133-->src\main\AndroidManifest.xml:53:13-96
134            android:label="@string/app_name"
134-->src\main\AndroidManifest.xml:54:13-45
135            android:theme="@style/com_facebook_activity_theme" />
135-->[com.facebook.android:facebook-common:16.2.0] AndroidManifest.xml:25:13-63
136        <activity
136-->src\main\AndroidManifest.xml:56:9-67:20
137            android:name="com.facebook.CustomTabActivity"
137-->src\main\AndroidManifest.xml:57:13-58
138            android:exported="true" >
138-->src\main\AndroidManifest.xml:58:13-36
139            <intent-filter android:exported="true" >
139-->src\main\AndroidManifest.xml:59:13-66:29
139-->src\main\AndroidManifest.xml:59:28-51
140                <action android:name="android.intent.action.VIEW" />
140-->src\main\AndroidManifest.xml:60:17-69
140-->src\main\AndroidManifest.xml:60:25-66
141
142                <category android:name="android.intent.category.DEFAULT" />
142-->src\main\AndroidManifest.xml:62:17-76
142-->src\main\AndroidManifest.xml:62:27-73
143                <category android:name="android.intent.category.BROWSABLE" />
143-->src\main\AndroidManifest.xml:63:17-78
143-->src\main\AndroidManifest.xml:63:27-75
144
145                <data android:scheme="@string/fb_login_protocol_scheme" />
145-->src\main\AndroidManifest.xml:65:17-75
145-->src\main\AndroidManifest.xml:65:23-72
146            </intent-filter>
147            <intent-filter>
147-->[com.facebook.android:facebook-common:16.2.0] AndroidManifest.xml:31:13-40:29
148                <action android:name="android.intent.action.VIEW" />
148-->src\main\AndroidManifest.xml:60:17-69
148-->src\main\AndroidManifest.xml:60:25-66
149
150                <category android:name="android.intent.category.DEFAULT" />
150-->src\main\AndroidManifest.xml:62:17-76
150-->src\main\AndroidManifest.xml:62:27-73
151                <category android:name="android.intent.category.BROWSABLE" />
151-->src\main\AndroidManifest.xml:63:17-78
151-->src\main\AndroidManifest.xml:63:27-75
152
153                <data
153-->src\main\AndroidManifest.xml:65:17-75
154                    android:host="cct.com.company.namal"
155                    android:scheme="fbconnect" />
155-->src\main\AndroidManifest.xml:65:23-72
156            </intent-filter>
157        </activity>
158
159        <meta-data
159-->src\main\AndroidManifest.xml:69:9-71:71
160            android:name="com.google.android.geo.API_KEY"
160-->src\main\AndroidManifest.xml:70:13-58
161            android:value="AIzaSyA7kx0PpVHcBdTlHYa3Yp_XU2-44HVWHLo" />
161-->src\main\AndroidManifest.xml:71:13-68
162
163        <service
163-->[:geolocator_android] AndroidManifest.xml:10:9-14:56
164            android:name="com.baseflow.geolocator.GeolocatorLocationService"
164-->[:geolocator_android] AndroidManifest.xml:11:13-77
165            android:enabled="true"
165-->[:geolocator_android] AndroidManifest.xml:12:13-35
166            android:exported="false"
166-->[:geolocator_android] AndroidManifest.xml:13:13-37
167            android:foregroundServiceType="location" />
167-->[:geolocator_android] AndroidManifest.xml:14:13-53
168
169        <activity
169-->[:url_launcher_android] AndroidManifest.xml:10:9-13:74
170            android:name="io.flutter.plugins.urllauncher.WebViewActivity"
170-->[:url_launcher_android] AndroidManifest.xml:11:13-74
171            android:exported="false"
171-->[:url_launcher_android] AndroidManifest.xml:12:13-37
172            android:theme="@android:style/Theme.NoTitleBar.Fullscreen" />
172-->[:url_launcher_android] AndroidManifest.xml:13:13-71
173
174        <provider
174-->[:share] AndroidManifest.xml:10:9-18:20
175            android:name="io.flutter.plugins.share.ShareFileProvider"
175-->[:share] AndroidManifest.xml:11:13-70
176            android:authorities="com.company.namal.flutter.share_provider"
176-->[:share] AndroidManifest.xml:12:13-74
177            android:exported="false"
177-->[:share] AndroidManifest.xml:13:13-37
178            android:grantUriPermissions="true" >
178-->[:share] AndroidManifest.xml:14:13-47
179            <meta-data
179-->[:share] AndroidManifest.xml:15:13-17:68
180                android:name="android.support.FILE_PROVIDER_PATHS"
180-->[:share] AndroidManifest.xml:16:17-67
181                android:resource="@xml/flutter_share_file_paths" />
181-->[:share] AndroidManifest.xml:17:17-65
182        </provider>
183
184        <uses-library
184-->[androidx.window:window:1.0.0-beta04] AndroidManifest.xml:25:9-27:40
185            android:name="androidx.window.extensions"
185-->[androidx.window:window:1.0.0-beta04] AndroidManifest.xml:26:13-54
186            android:required="false" />
186-->[androidx.window:window:1.0.0-beta04] AndroidManifest.xml:27:13-37
187        <uses-library
187-->[androidx.window:window:1.0.0-beta04] AndroidManifest.xml:28:9-30:40
188            android:name="androidx.window.sidecar"
188-->[androidx.window:window:1.0.0-beta04] AndroidManifest.xml:29:13-51
189            android:required="false" /> <!-- Needs to be explicitly declared on P+ -->
189-->[androidx.window:window:1.0.0-beta04] AndroidManifest.xml:30:13-37
190        <uses-library
190-->[com.google.android.gms:play-services-maps:18.2.0] AndroidManifest.xml:39:9-41:40
191            android:name="org.apache.http.legacy"
191-->[com.google.android.gms:play-services-maps:18.2.0] AndroidManifest.xml:40:13-50
192            android:required="false" />
192-->[com.google.android.gms:play-services-maps:18.2.0] AndroidManifest.xml:41:13-37
193
194        <activity
194-->[com.google.android.gms:play-services-auth:21.0.0] AndroidManifest.xml:23:9-27:75
195            android:name="com.google.android.gms.auth.api.signin.internal.SignInHubActivity"
195-->[com.google.android.gms:play-services-auth:21.0.0] AndroidManifest.xml:24:13-93
196            android:excludeFromRecents="true"
196-->[com.google.android.gms:play-services-auth:21.0.0] AndroidManifest.xml:25:13-46
197            android:exported="false"
197-->[com.google.android.gms:play-services-auth:21.0.0] AndroidManifest.xml:26:13-37
198            android:theme="@android:style/Theme.Translucent.NoTitleBar" />
198-->[com.google.android.gms:play-services-auth:21.0.0] AndroidManifest.xml:27:13-72
199        <!--
200            Service handling Google Sign-In user revocation. For apps that do not integrate with
201            Google Sign-In, this service will never be started.
202        -->
203        <service
203-->[com.google.android.gms:play-services-auth:21.0.0] AndroidManifest.xml:33:9-37:51
204            android:name="com.google.android.gms.auth.api.signin.RevocationBoundService"
204-->[com.google.android.gms:play-services-auth:21.0.0] AndroidManifest.xml:34:13-89
205            android:exported="true"
205-->[com.google.android.gms:play-services-auth:21.0.0] AndroidManifest.xml:35:13-36
206            android:permission="com.google.android.gms.auth.api.signin.permission.REVOCATION_NOTIFICATION"
206-->[com.google.android.gms:play-services-auth:21.0.0] AndroidManifest.xml:36:13-107
207            android:visibleToInstantApps="true" />
207-->[com.google.android.gms:play-services-auth:21.0.0] AndroidManifest.xml:37:13-48
208
209        <receiver
209-->[com.onesignal:OneSignal:4.8.8] AndroidManifest.xml:50:9-61:20
210            android:name="com.onesignal.FCMBroadcastReceiver"
210-->[com.onesignal:OneSignal:4.8.8] AndroidManifest.xml:51:13-62
211            android:exported="true"
211-->[com.onesignal:OneSignal:4.8.8] AndroidManifest.xml:52:13-36
212            android:permission="com.google.android.c2dm.permission.SEND" >
212-->[com.onesignal:OneSignal:4.8.8] AndroidManifest.xml:53:13-73
213
214            <!-- High priority so OneSignal payloads can be filtered from other FCM receivers -->
215            <intent-filter android:priority="999" >
215-->[com.onesignal:OneSignal:4.8.8] AndroidManifest.xml:56:13-60:29
215-->[com.onesignal:OneSignal:4.8.8] AndroidManifest.xml:56:28-50
216                <action android:name="com.google.android.c2dm.intent.RECEIVE" />
216-->[com.onesignal:OneSignal:4.8.8] AndroidManifest.xml:57:17-81
216-->[com.onesignal:OneSignal:4.8.8] AndroidManifest.xml:57:25-78
217
218                <category android:name="com.company.namal" />
218-->[com.onesignal:OneSignal:4.8.8] AndroidManifest.xml:59:17-61
218-->[com.onesignal:OneSignal:4.8.8] AndroidManifest.xml:59:27-58
219            </intent-filter>
220        </receiver>
221
222        <service
222-->[com.onesignal:OneSignal:4.8.8] AndroidManifest.xml:63:9-69:19
223            android:name="com.onesignal.HmsMessageServiceOneSignal"
223-->[com.onesignal:OneSignal:4.8.8] AndroidManifest.xml:64:13-68
224            android:exported="false" >
224-->[com.onesignal:OneSignal:4.8.8] AndroidManifest.xml:65:13-37
225            <intent-filter>
225-->[com.onesignal:OneSignal:4.8.8] AndroidManifest.xml:66:13-68:29
226                <action android:name="com.huawei.push.action.MESSAGING_EVENT" />
226-->[com.onesignal:OneSignal:4.8.8] AndroidManifest.xml:67:17-81
226-->[com.onesignal:OneSignal:4.8.8] AndroidManifest.xml:67:25-78
227            </intent-filter>
228        </service>
229
230        <activity
230-->[com.onesignal:OneSignal:4.8.8] AndroidManifest.xml:71:9-79:20
231            android:name="com.onesignal.NotificationOpenedActivityHMS"
231-->[com.onesignal:OneSignal:4.8.8] AndroidManifest.xml:72:13-71
232            android:exported="true"
232-->[com.onesignal:OneSignal:4.8.8] AndroidManifest.xml:73:13-36
233            android:noHistory="true"
233-->[com.onesignal:OneSignal:4.8.8] AndroidManifest.xml:74:13-37
234            android:theme="@android:style/Theme.Translucent.NoTitleBar" >
234-->[com.onesignal:OneSignal:4.8.8] AndroidManifest.xml:75:13-72
235            <intent-filter>
235-->[com.onesignal:OneSignal:4.8.8] AndroidManifest.xml:76:13-78:29
236                <action android:name="android.intent.action.VIEW" />
236-->src\main\AndroidManifest.xml:60:17-69
236-->src\main\AndroidManifest.xml:60:25-66
237            </intent-filter>
238        </activity>
239
240        <service
240-->[com.onesignal:OneSignal:4.8.8] AndroidManifest.xml:81:9-83:40
241            android:name="com.onesignal.FCMIntentService"
241-->[com.onesignal:OneSignal:4.8.8] AndroidManifest.xml:82:13-58
242            android:exported="false" />
242-->[com.onesignal:OneSignal:4.8.8] AndroidManifest.xml:83:13-37
243        <service
243-->[com.onesignal:OneSignal:4.8.8] AndroidManifest.xml:84:9-87:72
244            android:name="com.onesignal.FCMIntentJobService"
244-->[com.onesignal:OneSignal:4.8.8] AndroidManifest.xml:85:13-61
245            android:exported="false"
245-->[com.onesignal:OneSignal:4.8.8] AndroidManifest.xml:86:13-37
246            android:permission="android.permission.BIND_JOB_SERVICE" />
246-->[com.onesignal:OneSignal:4.8.8] AndroidManifest.xml:87:13-69
247        <service
247-->[com.onesignal:OneSignal:4.8.8] AndroidManifest.xml:88:9-91:43
248            android:name="com.onesignal.SyncService"
248-->[com.onesignal:OneSignal:4.8.8] AndroidManifest.xml:89:13-53
249            android:exported="false"
249-->[com.onesignal:OneSignal:4.8.8] AndroidManifest.xml:90:13-37
250            android:stopWithTask="true" />
250-->[com.onesignal:OneSignal:4.8.8] AndroidManifest.xml:91:13-40
251        <service
251-->[com.onesignal:OneSignal:4.8.8] AndroidManifest.xml:92:9-95:72
252            android:name="com.onesignal.SyncJobService"
252-->[com.onesignal:OneSignal:4.8.8] AndroidManifest.xml:93:13-56
253            android:exported="false"
253-->[com.onesignal:OneSignal:4.8.8] AndroidManifest.xml:94:13-37
254            android:permission="android.permission.BIND_JOB_SERVICE" />
254-->[com.onesignal:OneSignal:4.8.8] AndroidManifest.xml:95:13-69
255
256        <activity
256-->[com.onesignal:OneSignal:4.8.8] AndroidManifest.xml:97:9-100:75
257            android:name="com.onesignal.PermissionsActivity"
257-->[com.onesignal:OneSignal:4.8.8] AndroidManifest.xml:98:13-61
258            android:exported="false"
258-->[com.onesignal:OneSignal:4.8.8] AndroidManifest.xml:99:13-37
259            android:theme="@android:style/Theme.Translucent.NoTitleBar" />
259-->[com.onesignal:OneSignal:4.8.8] AndroidManifest.xml:100:13-72
260
261        <receiver
261-->[com.onesignal:OneSignal:4.8.8] AndroidManifest.xml:102:9-104:39
262            android:name="com.onesignal.NotificationDismissReceiver"
262-->[com.onesignal:OneSignal:4.8.8] AndroidManifest.xml:103:13-69
263            android:exported="true" />
263-->[com.onesignal:OneSignal:4.8.8] AndroidManifest.xml:104:13-36
264        <receiver
264-->[com.onesignal:OneSignal:4.8.8] AndroidManifest.xml:105:9-112:20
265            android:name="com.onesignal.BootUpReceiver"
265-->[com.onesignal:OneSignal:4.8.8] AndroidManifest.xml:106:13-56
266            android:exported="true" >
266-->[com.onesignal:OneSignal:4.8.8] AndroidManifest.xml:107:13-36
267            <intent-filter>
267-->[com.onesignal:OneSignal:4.8.8] AndroidManifest.xml:108:13-111:29
268                <action android:name="android.intent.action.BOOT_COMPLETED" />
268-->[com.onesignal:OneSignal:4.8.8] AndroidManifest.xml:109:17-79
268-->[com.onesignal:OneSignal:4.8.8] AndroidManifest.xml:109:25-76
269                <action android:name="android.intent.action.QUICKBOOT_POWERON" />
269-->[com.onesignal:OneSignal:4.8.8] AndroidManifest.xml:110:17-82
269-->[com.onesignal:OneSignal:4.8.8] AndroidManifest.xml:110:25-79
270            </intent-filter>
271        </receiver>
272        <receiver
272-->[com.onesignal:OneSignal:4.8.8] AndroidManifest.xml:113:9-119:20
273            android:name="com.onesignal.UpgradeReceiver"
273-->[com.onesignal:OneSignal:4.8.8] AndroidManifest.xml:114:13-57
274            android:exported="true" >
274-->[com.onesignal:OneSignal:4.8.8] AndroidManifest.xml:115:13-36
275            <intent-filter>
275-->[com.onesignal:OneSignal:4.8.8] AndroidManifest.xml:116:13-118:29
276                <action android:name="android.intent.action.MY_PACKAGE_REPLACED" />
276-->[com.onesignal:OneSignal:4.8.8] AndroidManifest.xml:117:17-84
276-->[com.onesignal:OneSignal:4.8.8] AndroidManifest.xml:117:25-81
277            </intent-filter>
278        </receiver>
279
280        <activity
280-->[com.onesignal:OneSignal:4.8.8] AndroidManifest.xml:121:9-127:75
281            android:name="com.onesignal.NotificationOpenedReceiver"
281-->[com.onesignal:OneSignal:4.8.8] AndroidManifest.xml:122:13-68
282            android:excludeFromRecents="true"
282-->[com.onesignal:OneSignal:4.8.8] AndroidManifest.xml:123:13-46
283            android:exported="true"
283-->[com.onesignal:OneSignal:4.8.8] AndroidManifest.xml:124:13-36
284            android:noHistory="true"
284-->[com.onesignal:OneSignal:4.8.8] AndroidManifest.xml:125:13-37
285            android:taskAffinity=""
285-->[com.onesignal:OneSignal:4.8.8] AndroidManifest.xml:126:13-36
286            android:theme="@android:style/Theme.Translucent.NoTitleBar" />
286-->[com.onesignal:OneSignal:4.8.8] AndroidManifest.xml:127:13-72
287        <activity
287-->[com.onesignal:OneSignal:4.8.8] AndroidManifest.xml:128:9-133:75
288            android:name="com.onesignal.NotificationOpenedReceiverAndroid22AndOlder"
288-->[com.onesignal:OneSignal:4.8.8] AndroidManifest.xml:129:13-85
289            android:excludeFromRecents="true"
289-->[com.onesignal:OneSignal:4.8.8] AndroidManifest.xml:130:13-46
290            android:exported="true"
290-->[com.onesignal:OneSignal:4.8.8] AndroidManifest.xml:131:13-36
291            android:noHistory="true"
291-->[com.onesignal:OneSignal:4.8.8] AndroidManifest.xml:132:13-37
292            android:theme="@android:style/Theme.Translucent.NoTitleBar" />
292-->[com.onesignal:OneSignal:4.8.8] AndroidManifest.xml:133:13-72
293        <activity